utility-bills-kmm/androidApp/build/outputs/mapping/release/seeds.txt
pk.utility.android.ComposableSingletons$MainActivityKt$lambda-11$1
pk.utility.android.ComposableSingletons$MainActivityKt$lambda-5$1
pk.utility.android.ComposableSingletons$MainActivityKt$lambda-3$1
pk.utility.android.MainActivityKt
pk.utility.android.MainActivityKt$MainScreen$2$2$6
pk.utility.android.MainActivityKt$MainTabs$2
pk.utility.android.MainActivityKt$MainScreen$2
pk.utility.android.ui.BillData
pk.utility.android.MainActivityKt$MainScreen$1
pk.utility.android.MainActivityKt$MainTabs$1$1
pk.utility.android.MainActivityKt$MainTabs$1$3$1
pk.utility.android.ComposableSingletons$MainActivityKt$lambda-10$1
pk.utility.android.MainActivityKt$FavoritesScreen$1$1$1$2
pk.utility.android.MainActivityKt$FavoritesScreen$1
pk.utility.android.ui.BillWebViewScreenKt$BillWebViewScreen$1$1$1
pk.utility.android.MainActivityKt$MainTabs$1$1$2$1
pk.utility.android.MainActivityKt$MainScreen$2$2$2$1
pk.utility.android.ComposableSingletons$MainActivityKt
pk.utility.android.MainActivityKt$SplashScreen$2
pk.utility.android.MainActivityKt$App$2
pk.utility.android.ComposableSingletons$MainActivityKt$lambda-9$1
pk.utility.android.ui.BillWebViewScreenKt$BillWebViewScreen$1$1$1$1$1
pk.utility.android.MainActivityKt$MainScreen$2$1$1
pk.utility.android.ComposableSingletons$MainActivityKt$lambda-6$1
pk.utility.android.ui.BillWebViewScreenKt$BillWebViewScreen$2
pk.utility.android.MainActivityKt$MainScreen$3
pk.utility.android.R$mipmap
pk.utility.android.ComposableSingletons$MainActivityKt$lambda-4$1
pk.utility.android.MainActivityKt$MainScreen$2$2$5
pk.utility.android.ComposableSingletons$MainActivityKt$lambda-7$1
pk.utility.android.PdfExporter
pk.utility.android.MainActivityKt$MainScreen$2$2$1$1
pk.utility.android.ComposableSingletons$MainActivityKt$lambda-1$1
pk.utility.android.MainActivityKt$FavoritesScreen$2
pk.utility.android.MainActivityKt$MainScreen$2$2$3$1
pk.utility.android.MainActivityKt$MainTabs$1$1$1$1
pk.utility.android.MainActivityKt$MainTabs$1$2$1
pk.utility.android.MainActivity
pk.utility.android.ComposableSingletons$MainActivityKt$lambda-2$1
pk.utility.android.MainActivityKt$FavoritesScreen$1$1$1$1
pk.utility.android.ComposableSingletons$MainActivityKt$lambda-8$1
pk.utility.android.MainActivityKt$App$1$1
pk.utility.android.R
pk.utility.android.ui.BillWebViewScreenKt
pk.utility.android.MainActivityKt$MainScreen$2: androidx.compose.runtime.MutableState $parsed$delegate
pk.utility.android.ComposableSingletons$MainActivityKt: kotlin.jvm.functions.Function2 lambda-4
pk.utility.android.MainActivityKt$MainScreen$2$2$6: androidx.compose.runtime.MutableState $company$delegate
pk.utility.android.MainActivityKt$MainScreen$2: androidx.compose.runtime.MutableState $showSaved$delegate
pk.utility.android.MainActivityKt$FavoritesScreen$1: androidx.compose.runtime.MutableState $items$delegate
pk.utility.android.ComposableSingletons$MainActivityKt: kotlin.jvm.functions.Function2 lambda-1
pk.utility.android.ComposableSingletons$MainActivityKt$lambda-5$1: pk.utility.android.ComposableSingletons$MainActivityKt$lambda-5$1 INSTANCE
pk.utility.android.ComposableSingletons$MainActivityKt$lambda-1$1: pk.utility.android.ComposableSingletons$MainActivityKt$lambda-1$1 INSTANCE
pk.utility.android.MainActivityKt$MainTabs$2: int $$changed
pk.utility.android.ui.BillData: java.lang.String customerName
pk.utility.android.MainActivityKt$MainScreen$2$2$1$1: androidx.compose.runtime.MutableState $ref$delegate
pk.utility.android.MainActivityKt$MainScreen$2$2$5: pk.utility.shared.favorites.FavoritesService $favorites
pk.utility.android.MainActivityKt$MainTabs$1$1: androidx.compose.runtime.MutableState $tab$delegate
pk.utility.android.ui.BillWebViewScreenKt$BillWebViewScreen$1$1$1: java.lang.String $url
pk.utility.android.MainActivity: int $stable
pk.utility.android.ComposableSingletons$MainActivityKt$lambda-3$1: pk.utility.android.ComposableSingletons$MainActivityKt$lambda-3$1 INSTANCE
...
io.ktor.client.request.DefaultHttpRequest: io.ktor.http.Headers headers
kotlinx.serialization.json.internal.CharMappings: kotlinx.serialization.json.internal.CharMappings INSTANCE
kotlinx.coroutines.channels.ChannelsKt__DeprecatedKt$filterNotNullTo$3: java.lang.Object L$2
io.ktor.client.plugins.observer.ResponseObserverKt$ResponseObserver$1: kotlin.jvm.functions.Function2 $block
io.ktor.websocket.PingPongKt$pinger$1$rc$1: int label
io.ktor.client.plugins.HttpRequestLifecycle: io.ktor.util.AttributeKey key
kotlinx.coroutines.InterruptibleKt$runInterruptible$2: java.lang.Object L$0
io.ktor.util.Sha1: int h1
io.ktor.http.content.VersionCheckResult: io.ktor.http.content.VersionCheckResult[] $VALUES
kotlinx.coroutines.flow.internal.CombineKt$combineInternal$2: kotlinx.coroutines.flow.Flow[] $flows
io.ktor.utils.io.ByteBufferChannel$writeWhileSuspend$1: java.lang.Object L$1
io.ktor.websocket.WebSocketDeflateExtensionKt: java.lang.String PERMESSAGE_DEFLATE
kotlinx.coroutines.channels.ChannelsKt__DeprecatedKt$withIndex$1: java.lang.Object L$0
io.ktor.utils.io.ByteChannelSequentialBase$readFloatSlow$1: java.lang.Object result
io.ktor.websocket.WebSocketDeflateExtension: boolean decompressIncoming
kotlinx.coroutines.internal.ThreadContextKt: kotlin.jvm.functions.Function2 countAll
io.ktor.client.plugins.websocket.WebSockets$Plugin$install$1: boolean $extensionsSupported
io.ktor.client.plugins.cache.storage.CachingCacheStorage$store$1: java.lang.Object L$0
kotlinx.coroutines.flow.SafeFlow: kotlin.jvm.functions.Function2 block
kotlinx.coroutines.channels.Channel$Factory: int CHANNEL_DEFAULT_CAPACITY
kotlinx.coroutines.flow.FlowKt__EmittersKt$onEmpty$$inlined$unsafeFlow$1$1: java.lang.Object L$0
io.ktor.http.HttpStatusCode: io.ktor.http.HttpStatusCode NotImplemented
kotlinx.coroutines.flow.FlowKt__DelayKt$debounceInternal$1$3$2: java.lang.Object L$1
kotlinx.coroutines.flow.FlowKt__TransformKt$mapNotNull$$inlined$unsafeTransform$1: kotlinx.coroutines.flow.Flow $this_unsafeTransform$inlined
io.ktor.client.plugins.api.SetupRequest$install$1: java.lang.Object L$0
kotlinx.serialization.json.internal.AbstractJsonLexerKt: char COLON
kotlinx.coroutines.flow.internal.ChannelFlowTransformLatest$flowCollect$3$1$emit$1: java.lang.Object L$2
io.ktor.client.request.forms.FormDslKt$formData$1$part$1: io.ktor.client.request.forms.FormDslKt$formData$1$part$1 INSTANCE
io.ktor.util.internal.LockFreeLinkedListNode$RemoveFirstDesc: io.ktor.util.internal.LockFreeLinkedListNode queue
io.ktor.utils.io.ByteChannelSequentialBase$readFullySuspend$2: int I$0
io.ktor.util.CaseInsensitiveMap$entries$2: io.ktor.util.CaseInsensitiveMap$entries$2 INSTANCE
kotlinx.serialization.internal.ReferenceArraySerializer: kotlin.reflect.KClass kClass
kotlinx.coroutines.internal.StackTraceRecoveryKt: java.lang.String baseContinuationImplClass
io.ktor.utils.io.ByteChannelSequentialBase$writeInt$1: int I$0
io.ktor.client.engine.android.AndroidEngineConfig: int connectTimeout
io.ktor.websocket.CloseReason$Codes: io.ktor.websocket.CloseReason$Codes VIOLATED_POLICY
io.ktor.util.CaseInsensitiveMap$entries$1: io.ktor.util.CaseInsensitiveMap$entries$1 INSTANCE
kotlinx.coroutines.channels.ProduceKt$awaitClose$1: java.lang.Object L$1
io.ktor.client.plugins.cache.storage.CachingCacheStorage$find$1: java.lang.Object L$4
io.ktor.util.debug.plugins.PluginsTrace: java.util.List eventOrder
kotlinx.coroutines.flow.FlowKt__ReduceKt$lastOrNull$1: int label
io.ktor.utils.io.ChannelLittleEndianKt$readInt$1: java.lang.Object result
io.ktor.client.plugins.HttpCallValidator$processException$1: java.lang.Object result
io.ktor.client.utils.HttpResponseReceiveFail: java.lang.Throwable cause
kotlinx.coroutines.flow.FlowKt__BuildersKt$flowOf$$inlined$unsafeFlow$1$1: int label
kotlinx.coroutines.flow.FlowKt__BuildersKt$asFlow$$inlined$unsafeFlow$1: kotlin.jvm.functions.Function0 $this_asFlow$inlined
io.ktor.http.content.TextContent: io.ktor.http.ContentType contentType