utility-bills-kmm/androidApp/build/outputs/mapping/release/mapping.txt
# compiler: R8
# compiler_version: 8.5.35
# min_api: 24
# common_typos_disable
# {"id":"com.android.tools.r8.mapping","version":"2.2"}
# pg_map_id: bc001bd
# pg_map_hash: SHA-256 bc001bda047433e08591aa4def4e072aa138b11f9ea069b450375db29a6a6811
pk.utility.android.ComposableSingletons$MainActivityKt -> pk.utility.android.ComposableSingletons$MainActivityKt:
# {"id":"sourceFile","fileName":"MainActivity.kt"}
    kotlin.jvm.functions.Function2 lambda-1 -> lambda-1
      # {"id":"com.android.tools.r8.residualsignature","signature":"Ll1/e;"}
    kotlin.jvm.functions.Function3 lambda-10 -> lambda-10
      # {"id":"com.android.tools.r8.residualsignature","signature":"Ll1/f;"}
    kotlin.jvm.functions.Function3 lambda-11 -> lambda-11
      # {"id":"com.android.tools.r8.residualsignature","signature":"Ll1/f;"}
    kotlin.jvm.functions.Function2 lambda-2 -> lambda-2
      # {"id":"com.android.tools.r8.residualsignature","signature":"Ll1/e;"}
    kotlin.jvm.functions.Function2 lambda-3 -> lambda-3
      # {"id":"com.android.tools.r8.residualsignature","signature":"Ll1/e;"}
    kotlin.jvm.functions.Function2 lambda-4 -> lambda-4
      # {"id":"com.android.tools.r8.residualsignature","signature":"Ll1/e;"}
    kotlin.jvm.functions.Function3 lambda-5 -> lambda-5
      # {"id":"com.android.tools.r8.residualsignature","signature":"Ll1/f;"}
    kotlin.jvm.functions.Function3 lambda-6 -> lambda-6
      # {"id":"com.android.tools.r8.residualsignature","signature":"Ll1/f;"}
    kotlin.jvm.functions.Function3 lambda-7 -> lambda-7
      # {"id":"com.android.tools.r8.residualsignature","signature":"Ll1/f;"}
    kotlin.jvm.functions.Function2 lambda-8 -> lambda-8
      # {"id":"com.android.tools.r8.residualsignature","signature":"Ll1/e;"}
pk.utility.android.ComposableSingletons$MainActivityKt$lambda-1$1 -> pk.utility.android.ComposableSingletons$MainActivityKt$lambda-1$1:
# {"id":"sourceFile","fileName":"MainActivity.kt"}
    1:1:java.lang.Object invoke(java.lang.Object,java.lang.Object):0:0 -> invoke
    2:2:void invoke(androidx.compose.runtime.Composer,int):0:0 -> invoke
      # {"id":"com.android.tools.r8.residualsignature","signature":"(Ly/m;I)V"}
pk.utility.android.ComposableSingletons$MainActivityKt$lambda-10$1 -> pk.utility.android.ComposableSingletons$MainActivityKt$lambda-10$1:
# {"id":"sourceFile","fileName":"MainActivity.kt"}
    1:1:java.lang.Object invoke(java.lang.Object,java.lang.Object,java.lang.Object):0:0 -> invoke
    2:2:void invoke(androidx.compose.foundation.layout.ColumnScope,androidx.compose.runtime.Composer,int):0:0 -> invoke
      # {"id":"com.android.tools.r8.residualsignature","signature":"(Lp/t;Ly/m;I)V"}
pk.utility.android.ComposableSingletons$MainActivityKt$lambda-11$1 -> pk.utility.android.ComposableSingletons$MainActivityKt$lambda-11$1:
# {"id":"sourceFile","fileName":"MainActivity.kt"}
    1:1:java.lang.Object invoke(java.lang.Object,java.lang.Object,java.lang.Object):0:0 -> invoke
    2:2:void invoke(androidx.compose.foundation.layout.ColumnScope,androidx.compose.runtime.Composer,int):0:0 -> invoke
      # {"id":"com.android.tools.r8.residualsignature","signature":"(Lp/t;Ly/m;I)V"}
pk.utility.android.ComposableSingletons$MainActivityKt$lambda-2$1 -> pk.utility.android.ComposableSingletons$MainActivityKt$lambda-2$1:
# {"id":"sourceFile","fileName":"MainActivity.kt"}
    1:1:java.lang.Object invoke(java.lang.Object,java.lang.Object):0:0 -> invoke
    2:2:void invoke(androidx.compose.runtime.Composer,int):0:0 -> invoke
      # {"id":"com.android.tools.r8.residualsignature","signature":"(Ly/m;I)V"}
pk.utility.android.ComposableSingletons$MainActivityKt$lambda-3$1 -> pk.utility.android.ComposableSingletons$MainActivityKt$lambda-3$1:
# {"id":"sourceFile","fileName":"MainActivity.kt"}
    1:1:java.lang.Object invoke(java.lang.Object,java.lang.Object):0:0 -> invoke
    2:2:void invoke(androidx.compose.runtime.Composer,int):0:0 -> invoke
      # {"id":"com.android.tools.r8.residualsignature","signature":"(Ly/m;I)V"}
...
androidx.compose.runtime.external.kotlinx.collections.immutable.implementations.immutableMap.PersistentHashMapEntriesIterator -> D.l:
# {"id":"sourceFile","fileName":"PersistentHashMapContentIterators.kt"}
androidx.compose.runtime.external.kotlinx.collections.immutable.implementations.immutableMap.PersistentHashMapValues -> D.m:
# {"id":"sourceFile","fileName":"PersistentHashMapContentViews.kt"}
    int D.PersistentHashMapValues.$r8$classId -> e
      # {"id":"com.android.tools.r8.synthesized"}
    androidx.compose.runtime.external.kotlinx.collections.immutable.implementations.immutableMap.PersistentHashMap map -> g
      # {"id":"com.android.tools.r8.residualsignature","signature":"Ljava/lang/Object;"}
    1:1:void D.PersistentHashMapValues.<init>(int,java.lang.Object):0:0 -> <init>
      # {"id":"com.android.tools.r8.synthesized"}
    6:11:java.util.regex.MatchResult kotlin.text.MatcherMatchResult.getMatchResult():0:0 -> a
    6:11:java.util.regex.MatchResult kotlin.text.MatcherMatchResult.access$getMatchResult(kotlin.text.MatcherMatchResult):0 -> a
      # {"id":"com.android.tools.r8.rewriteFrame","conditions":["throws(Ljava/lang/NullPointerException;)"],"actions":["removeInnerFrames(1)"]}
    6:11:int kotlin.text.MatcherMatchResult$groups$1.getSize():0 -> a
    6:11:int D.PersistentHashMapValues.getSize():0 -> a
      # {"id":"com.android.tools.r8.synthesized"}
    12:18:int kotlin.text.MatcherMatchResult$groups$1.getSize():0:0 -> a
    12:18:int D.PersistentHashMapValues.getSize():0 -> a
    19:25:int D.PersistentHashMapValues.getSize():0:0 -> a
    26:28:int getSize():0:0 -> a
    26:28:int D.PersistentHashMapValues.getSize():0 -> a
androidx.compose.runtime.external.kotlinx.collections.immutable.implementations.immutableMap.TrieNode -> D.o:
# {"id":"sourceFile","fileName":"TrieNode.kt"}
    int dataMap -> a
    int nodeMap -> b
    androidx.compose.runtime.external.kotlinx.collections.immutable.internal.MutabilityOwnership ownedBy -> c
      # {"id":"com.android.tools.r8.residualsignature","signature":"LF/b;"}
    java.lang.Object[] buffer -> d
    androidx.compose.runtime.external.kotlinx.collections.immutable.implementations.immutableMap.TrieNode EMPTY -> e
      # {"id":"com.android.tools.r8.residualsignature","signature":"LD/o;"}
    7:9:void <init>(int,int,java.lang.Object[]):0:0 -> <clinit>
    7:9:void <clinit>():0 -> <clinit>
    10:12:void <clinit>():0:0 -> <clinit>
    1:12:void <init>(int,int,java.lang.Object[],androidx.compose.runtime.external.kotlinx.collections.immutable.internal.MutabilityOwnership):0:0 -> <init>
      # {"id":"com.android.tools.r8.residualsignature","signature":"(II[Ljava/lang/Object;LF/b;)V"}
    3:9:java.lang.Object keyAtIndex(int):0:0 -> a
    3:9:java.lang.Object[] bufferMoveEntryToNode(int,int,int,java.lang.Object,java.lang.Object,int,androidx.compose.runtime.external.kotlinx.collections.immutable.internal.MutabilityOwnership):0 -> a
      # {"id":"com.android.tools.r8.residualsignature","signature":"(IIILjava/lang/Object;Ljava/lang/Object;ILF/b;)[Ljava/lang/Object;"}